
**** Build of configuration Debug for project EGR226_902_Stout_Lab04 ****

"C:\\ti\\ccs1000\\ccs\\utils\\bin\\gmake" -k -j 12 all -O 
 
Building file: "../LED_Library.c"
Invoking: ARM Compiler
"C:/ti/ccs1000/ccs/tools/compiler/ti-cgt-arm_20.2.0.LTS/bin/armcl" -mv7M4 --code_state=16 --float_support=FPv4SPD16 -me --include_path="C:/ti/ccs1000/ccs/ccs_base/arm/include" --include_path="C:/ti/ccs1000/ccs/ccs_base/arm/include/CMSIS" --include_path="C:/Users/cayla/OneDrive - Grand Valley State University/WINTER 2021 CLASSES/EGR226_Cayla_Stout/EGR226_902_Stout_Lab04" --include_path="C:/ti/ccs1000/ccs/tools/compiler/ti-cgt-arm_20.2.0.LTS/include" --advice:power=all --define=__MSP432P401R__ --define=ccs -g --gcc --diag_warning=225 --diag_wrap=off --display_error_number --abi=eabi --preproc_with_compile --preproc_dependency="LED_Library.d_raw"  "../LED_Library.c"
Finished building: "../LED_Library.c"
 
Building file: "../Button_Library.c"
Invoking: ARM Compiler
"C:/ti/ccs1000/ccs/tools/compiler/ti-cgt-arm_20.2.0.LTS/bin/armcl" -mv7M4 --code_state=16 --float_support=FPv4SPD16 -me --include_path="C:/ti/ccs1000/ccs/ccs_base/arm/include" --include_path="C:/ti/ccs1000/ccs/ccs_base/arm/include/CMSIS" --include_path="C:/Users/cayla/OneDrive - Grand Valley State University/WINTER 2021 CLASSES/EGR226_Cayla_Stout/EGR226_902_Stout_Lab04" --include_path="C:/ti/ccs1000/ccs/tools/compiler/ti-cgt-arm_20.2.0.LTS/include" --advice:power=all --define=__MSP432P401R__ --define=ccs -g --gcc --diag_warning=225 --diag_wrap=off --display_error_number --abi=eabi --preproc_with_compile --preproc_dependency="Button_Library.d_raw"  "../Button_Library.c"
"../Button_Library.c", line 27: remark #1527-D: (ULP 2.1) Detected SW delay loop using __delay_cycles. Recommend using a timer module instead
"../Button_Library.c", line 49: remark #1527-D: (ULP 2.1) Detected SW delay loop using __delay_cycles. Recommend using a timer module instead
Finished building: "../Button_Library.c"
 
Building target: "EGR226_902_Stout_Lab04.out"
Invoking: ARM Linker
"C:/ti/ccs1000/ccs/tools/compiler/ti-cgt-arm_20.2.0.LTS/bin/armcl" -mv7M4 --code_state=16 --float_support=FPv4SPD16 -me --advice:power=all --define=__MSP432P401R__ --define=ccs -g --gcc --diag_warning=225 --diag_wrap=off --display_error_number --abi=eabi -z -m"EGR226_902_Stout_Lab04.map" --heap_size=1024 --stack_size=512 -i"C:/ti/ccs1000/ccs/ccs_base/arm/include" -i"C:/ti/ccs1000/ccs/tools/compiler/ti-cgt-arm_20.2.0.LTS/lib" -i"C:/ti/ccs1000/ccs/tools/compiler/ti-cgt-arm_20.2.0.LTS/include" --reread_libs --diag_wrap=off --display_error_number --warn_sections --xml_link_info="EGR226_902_Stout_Lab04_linkInfo.xml" --rom_model -o "EGR226_902_Stout_Lab04.out" "./Button_Library.obj" "./LED_Library.obj" "./main.obj" "./startup_msp432p401r_ccs.obj" "./system_msp432p401r.obj" "../msp432p401r.cmd"  -llibc.a 
<Linking>
error #10056: symbol "InitializeButtons" redefined: first defined in "./LED_Library.obj"; redefined in "./main.obj"
error #10056: symbol "InitializeLEDs" redefined: first defined in "./LED_Library.obj"; redefined in "./main.obj"
error #10056: symbol "DebouncePress" redefined: first defined in "./Button_Library.obj"; redefined in "./main.obj"
remark #10371-D: (ULP 1.1) Detected no uses of low power mode state changing instructions
error #10056: symbol "DebounceRelease" redefined: first defined in "./Button_Library.obj"; redefined in "./main.obj"
remark #10372-D: (ULP 4.1) Detected uninitialized Port 1 in this project. Recommend initializing all unused ports to eliminate wasted current consumption on unused pins.
remark #10372-D: (ULP 4.1) Detected uninitialized Port 2 in this project. Recommend initializing all unused ports to eliminate wasted current consumption on unused pins.
remark #10372-D: (ULP 4.1) Detected uninitialized Port 3 in this project. Recommend initializing all unused ports to eliminate wasted current consumption on unused pins.
remark #10372-D: (ULP 4.1) Detected uninitialized Port 4 in this project. Recommend initializing all unused ports to eliminate wasted current consumption on unused pins.
remark #10372-D: (ULP 4.1) Detected uninitialized Port 5 in this project. Recommend initializing all unused ports to eliminate wasted current consumption on unused pins.
remark #10372-D: (ULP 4.1) Detected uninitialized Port 6 in this project. Recommend initializing all unused ports to eliminate wasted current consumption on unused pins.
remark #10372-D: (ULP 4.1) Detected uninitialized Port 7 in this project. Recommend initializing all unused ports to eliminate wasted current consumption on unused pins.
remark #10372-D: (ULP 4.1) Detected uninitialized Port 8 in this project. Recommend initializing all unused ports to eliminate wasted current consumption on unused pins.
remark #10372-D: (ULP 4.1) Detected uninitialized Port 9 in this project. Recommend initializing all unused ports to eliminate wasted current consumption on unused pins.
remark #10372-D: (ULP 4.1) Detected uninitialized Port 10 in this project. Recommend initializing all unused ports to eliminate wasted current consumption on unused pins.
 
>> Compilation failure
makefile:145: recipe for target 'EGR226_902_Stout_Lab04.out' failed
error #10010: errors encountered during linking; "EGR226_902_Stout_Lab04.out" not built
gmake[1]: *** [EGR226_902_Stout_Lab04.out] Error 1
gmake: *** [all] Error 2
makefile:141: recipe for target 'all' failed

**** Build Finished ****
